<?xml version="1.0" encoding="UTF-8"?>
<!-- Generated by org.testng.reporters.JUnitXMLReporter -->
<testsuite ignored="0" hostname="BHLP-TU1-3751" failures="0" tests="0" name="Test" time="4.983" errors="0" timestamp="2022-08-23T21:05:56 IST">
  <testcase classname="USER_MANGEMENT.ValidateAddNewBroker" name="@AfterTest closedriver" time="0.003">
    <failure type="java.lang.NullPointerException" message="Cannot invoke &amp;quot;org.openqa.selenium.WebDriver.close()&amp;quot; because &amp;quot;this.driver&amp;quot; is null">
      <![CDATA[java.lang.NullPointerException: Cannot invoke "org.openqa.selenium.WebDriver.close()" because "this.driver" is null
at USER_MANGEMENT.ValidateAddNewBroker.closedriver(ValidateAddNewBroker.java:55)
at java.base/java.util.concurrent.FutureTask.run(FutureTask.java:264)
at java.base/java.util.concurrent.ThreadPoolExecutor.runWorker(ThreadPoolExecutor.java:1136)
at java.base/java.util.concurrent.ThreadPoolExecutor$Worker.run(ThreadPoolExecutor.java:635)
at java.base/java.lang.Thread.run(Thread.java:833)
... Removed 14 stack frames]]>
    </failure>
  </testcase> <!-- @AfterTest closedriver -->
  <testcase classname="USER_MANGEMENT.ValidateBrokername" name="@AfterTest closedriver" time="0.0">
    <skipped/>
  </testcase> <!-- @AfterTest closedriver -->
  <testcase classname="USER_MANGEMENT.ValidateLogin" name="@AfterTest closedriver" time="0.0">
    <skipped/>
  </testcase> <!-- @AfterTest closedriver -->
  <testcase classname="USER_MANGEMENT.ValidatesearchBrokerByUserId" name="@AfterTest closedriver" time="0.0">
    <skipped/>
  </testcase> <!-- @AfterTest closedriver -->
</testsuite> <!-- Test -->
