<?xml version="1.0" encoding="UTF-8"?>
<testng-results ignored="0" total="2" passed="2" failed="0" skipped="0">
  <reporter-output>
  </reporter-output>
  <suite started-at="2022-07-31T11:46:23 IST" name="Default suite" finished-at="2022-07-31T11:47:08 IST" duration-ms="45069">
    <groups>
    </groups>
    <test started-at="2022-07-31T11:46:23 IST" name="Default test" finished-at="2022-07-31T11:47:08 IST" duration-ms="45069">
      <class name="Academy.Homepage">
        <test-method signature="homepagenavigation(java.lang.String,java.lang.String)[pri:0, instance:Academy.Homepage@1af2d44a]" started-at="2022-07-31T11:46:23 IST" name="homepagenavigation" data-provider="getData" finished-at="2022-07-31T11:46:50 IST" duration-ms="26718" status="PASS">
          <params>
            <param index="0">
              <value>
                <![CDATA[ayazahmad984@gmail.com]]>
              </value>
            </param>
            <param index="1">
              <value>
                <![CDATA[Pass@12345]]>
              </value>
            </param>
          </params>
          <reporter-output>
          </reporter-output>
        </test-method> <!-- homepagenavigation -->
        <test-method signature="homepagenavigation(java.lang.String,java.lang.String)[pri:0, instance:Academy.Homepage@1af2d44a]" started-at="2022-07-31T11:46:50 IST" name="homepagenavigation" data-provider="getData" finished-at="2022-07-31T11:47:08 IST" duration-ms="18248" status="PASS">
          <params>
            <param index="0">
              <value>
                <![CDATA[rahulsheety@gmail.com]]>
              </value>
            </param>
            <param index="1">
              <value>
                <![CDATA[123456]]>
              </value>
            </param>
          </params>
          <reporter-output>
          </reporter-output>
        </test-method> <!-- homepagenavigation -->
      </class> <!-- Academy.Homepage -->
    </test> <!-- Default test -->
  </suite> <!-- Default suite -->
</testng-results>
