<?xml version="1.0" encoding="UTF-8"?>
<!-- Generated by org.testng.reporters.JUnitXMLReporter -->
<testsuite ignored="0" hostname="BHLP-TU1-3751" failures="3" tests="3" name="Addbroker" time="0.128" errors="0" timestamp="2022-07-21T16:50:18 IST">
  <testcase classname="Hoxton.AddBroker" name="urlLogin" time="0.016">
    <failure type="java.lang.NullPointerException" message="Cannot invoke &amp;quot;org.openqa.selenium.WebDriver.get(String)&amp;quot; because &amp;quot;Hoxton.AddBroker.driver&amp;quot; is null">
      <![CDATA[java.lang.NullPointerException: Cannot invoke "org.openqa.selenium.WebDriver.get(String)" because "Hoxton.AddBroker.driver" is null
at Hoxton.AddBroker.urlLogin(AddBroker.java:16)
at java.base/java.util.ArrayList.forEach(ArrayList.java:1511)
... Removed 27 stack frames]]>
    </failure>
  </testcase> <!-- urlLogin -->
  <testcase classname="Hoxton.AddBroker" name="brokerdetails" time="0.014">
    <failure type="java.lang.NullPointerException" message="Cannot invoke &amp;quot;org.openqa.selenium.WebDriver.findElement(org.openqa.selenium.By)&amp;quot; because &amp;quot;Hoxton.AddBroker.driver&amp;quot; is null">
      <![CDATA[java.lang.NullPointerException: Cannot invoke "org.openqa.selenium.WebDriver.findElement(org.openqa.selenium.By)" because "Hoxton.AddBroker.driver" is null
at Hoxton.AddBroker.brokerdetails(AddBroker.java:32)
at java.base/java.util.ArrayList.forEach(ArrayList.java:1511)
... Removed 27 stack frames]]>
    </failure>
  </testcase> <!-- brokerdetails -->
  <testcase classname="Hoxton.AddBroker" name="signupUsername" time="0.003">
    <failure type="java.lang.NullPointerException" message="Cannot invoke &amp;quot;org.openqa.selenium.WebDriver.findElement(org.openqa.selenium.By)&amp;quot; because &amp;quot;Hoxton.AddBroker.driver&amp;quot; is null">
      <![CDATA[java.lang.NullPointerException: Cannot invoke "org.openqa.selenium.WebDriver.findElement(org.openqa.selenium.By)" because "Hoxton.AddBroker.driver" is null
at Hoxton.AddBroker.signupUsername(AddBroker.java:58)
at java.base/java.util.ArrayList.forEach(ArrayList.java:1511)
... Removed 27 stack frames]]>
    </failure>
  </testcase> <!-- signupUsername -->
</testsuite> <!-- Addbroker -->
