<?xml version="1.0" encoding="UTF-8"?>
<!-- Generated by org.testng.reporters.JUnitXMLReporter -->
<testsuite ignored="2" hostname="BHLP-TU1-3751" failures="0" tests="1" name="Testdemoone" time="0.305" errors="0" timestamp="2022-07-17T17:51:54 IST">
  <testcase classname="TESTNG.intro" name="demo" time="0.055"/>
  <testcase classname="TESTNG.intro" name="demo4" time="0.0">
    <ignored/>
  </testcase> <!-- demo4 -->
  <testcase classname="TESTNG.intro" name="demo3" time="0.0">
    <ignored/>
  </testcase> <!-- demo3 -->
</testsuite> <!-- Testdemoone -->
