<?xml version="1.0" encoding="UTF-8"?>
<!-- Generated by org.testng.reporters.JUnitXMLReporter -->
<testsuite ignored="1" hostname="BHLP-TU1-3751" failures="0" tests="2" name="Testdemotwo" time="0.082" errors="0" timestamp="2022-07-17T17:51:54 IST">
  <testcase classname="TESTNG.learn" name="teach" time="0.009"/>
  <testcase classname="TESTNG.learn" name="teachthree" time="0.008"/>
  <testcase classname="TESTNG.learn" name="teachtwo" time="0.0">
    <ignored/>
  </testcase> <!-- teachtwo -->
</testsuite> <!-- Testdemotwo -->
